c:\users\schel\source\repos\task 1\task 1\x64\debug\vc143.pdb
c:\users\schel\source\repos\task 1\task 1\x64\debug\vc143.idb
c:\users\schel\source\repos\task 1\task 1\x64\debug\states.obj
c:\users\schel\source\repos\task 1\task 1\x64\debug\state.obj
c:\users\schel\source\repos\task 1\task 1\x64\debug\message.obj
c:\users\schel\source\repos\task 1\task 1\x64\debug\main.obj
c:\users\schel\source\repos\task 1\task 1\x64\debug\character.obj
c:\users\schel\source\repos\task 1\task 1\x64\debug\world.obj
c:\users\schel\source\repos\task 1\x64\debug\task 1.exe
c:\users\schel\source\repos\task 1\x64\debug\task 1.pdb
c:\users\schel\source\repos\task 1\task 1\x64\debug\task 1.ilk
c:\users\schel\source\repos\task 1\task 1\x64\debug\fsm.obj
c:\users\schel\source\repos\task 1\task 1\x64\debug\task 1.tlog\cl.command.1.tlog
c:\users\schel\source\repos\task 1\task 1\x64\debug\task 1.tlog\cl.items.tlog
c:\users\schel\source\repos\task 1\task 1\x64\debug\task 1.tlog\cl.read.1.tlog
c:\users\schel\source\repos\task 1\task 1\x64\debug\task 1.tlog\cl.write.1.tlog
c:\users\schel\source\repos\task 1\task 1\x64\debug\task 1.tlog\link.command.1.tlog
c:\users\schel\source\repos\task 1\task 1\x64\debug\task 1.tlog\link.read.1.tlog
c:\users\schel\source\repos\task 1\task 1\x64\debug\task 1.tlog\link.secondary.1.tlog
c:\users\schel\source\repos\task 1\task 1\x64\debug\task 1.tlog\link.write.1.tlog
